{"/Users/craigsharp/Coding/D3PlotLib/userApp/components/UseCreatePlot.tsx": {"path":"/Users/craigsharp/Coding/D3PlotLib/userApp/components/UseCreatePlot.tsx","statementMap":{"0":{"start":{"line":1,"column":0},"end":{"line":1,"column":54}},"1":{"start":{"line":5,"column":22},"end":{"line":5,"column":35}},"2":{"start":{"line":6,"column":4},"end":{"line":14,"column":null}},"3":{"start":{"line":7,"column":8},"end":{"line":9,"column":null}},"4":{"start":{"line":8,"column":12},"end":{"line":8,"column":null}},"5":{"start":{"line":11,"column":10},"end":{"line":13,"column":null}},"6":{"start":{"line":12,"column":12},"end":{"line":12,"column":null}},"7":{"start":{"line":4,"column":0},"end":{"line":4,"column":24}}},"fnMap":{"0":{"name":"default_1","decl":{"start":{"line":4,"column":0},"end":{"line":4,"column":24}},"loc":{"start":{"line":4,"column":39},"end":{"line":15,"column":1}}},"1":{"name":"(anonymous_1)","decl":{"start":{"line":6,"column":20},"end":{"line":6,"column":23}},"loc":{"start":{"line":6,"column":25},"end":{"line":14,"column":5}}},"2":{"name":"(anonymous_2)","decl":{"start":{"line":11,"column":17},"end":{"line":11,"column":20}},"loc":{"start":{"line":11,"column":22},"end":{"line":13,"column":11}}}},"branchMap":{"0":{"loc":{"start":{"line":7,"column":8},"end":{"line":9,"column":null}},"type":"if","locations":[{"start":{"line":7,"column":8},"end":{"line":9,"column":null}}]}},"s":{"0":1,"1":0,"2":0,"3":0,"4":0,"5":0,"6":0,"7":1},"f":{"0":0,"1":0,"2":0},"b":{"0":[0]}}
,"/Users/craigsharp/Coding/D3PlotLib/userApp/components/BarPlot/BarPlot.tsx": {"path":"/Users/craigsharp/Coding/D3PlotLib/userApp/components/BarPlot/BarPlot.tsx","statementMap":{"0":{"start":{"line":1,"column":0},"end":{"line":1,"column":65}},"1":{"start":{"line":2,"column":0},"end":{"line":2,"column":44}},"2":{"start":{"line":7,"column":11},"end":{"line":7,"column":35}},"3":{"start":{"line":8,"column":13},"end":{"line":8,"column":37}},"4":{"start":{"line":9,"column":18},"end":{"line":9,"column":24}},"5":{"start":{"line":11,"column":15},"end":{"line":19,"column":6}},"6":{"start":{"line":14,"column":6},"end":{"line":14,"column":null}},"7":{"start":{"line":17,"column":19},"end":{"line":17,"column":42}},"8":{"start":{"line":18,"column":6},"end":{"line":18,"column":null}},"9":{"start":{"line":21,"column":13},"end":{"line":21,"column":80}},"10":{"start":{"line":29,"column":17},"end":{"line":30,"column":18}},"11":{"start":{"line":32,"column":15},"end":{"line":32,"column":33}},"12":{"start":{"line":34,"column":18},"end":{"line":41,"column":19}},"13":{"start":{"line":43,"column":2},"end":{"line":43,"column":null}},"14":{"start":{"line":44,"column":2},"end":{"line":44,"column":null}},"15":{"start":{"line":48,"column":12},"end":{"line":48,"column":24}},"16":{"start":{"line":49,"column":21},"end":{"line":49,"column":25}},"17":{"start":{"line":51,"column":2},"end":{"line":55,"column":null}},"18":{"start":{"line":51,"column":27},"end":{"line":55,"column":4}},"19":{"start":{"line":52,"column":20},"end":{"line":52,"column":31}},"20":{"start":{"line":53,"column":14},"end":{"line":53,"column":42}},"21":{"start":{"line":54,"column":4},"end":{"line":54,"column":null}},"22":{"start":{"line":57,"column":2},"end":{"line":73,"column":null}},"23":{"start":{"line":47,"column":0},"end":{"line":47,"column":null}}},"fnMap":{"0":{"name":"createBarPlot","decl":{"start":{"line":6,"column":15},"end":{"line":6,"column":28}},"loc":{"start":{"line":6,"column":48},"end":{"line":45,"column":null}}},"1":{"name":"(anonymous_9)","decl":{"start":{"line":13,"column":12},"end":{"line":13,"column":13}},"loc":{"start":{"line":13,"column":24},"end":{"line":15,"column":5}}},"2":{"name":"(anonymous_10)","decl":{"start":{"line":16,"column":12},"end":{"line":16,"column":13}},"loc":{"start":{"line":16,"column":24},"end":{"line":19,"column":5}}},"3":{"name":"default_1","decl":{"start":{"line":47,"column":0},"end":{"line":47,"column":null}},"loc":{"start":{"line":47,"column":0},"end":{"line":74,"column":1}}},"4":{"name":"(anonymous_12)","decl":{"start":{"line":51,"column":16},"end":{"line":51,"column":25}},"loc":{"start":{"line":51,"column":27},"end":{"line":55,"column":4}}},"5":{"name":"(anonymous_13)","decl":{"start":{"line":51,"column":27},"end":{"line":51,"column":null}},"loc":{"start":{"line":51,"column":27},"end":{"line":55,"column":3}}}},"branchMap":{},"s":{"0":1,"1":1,"2":0,"3":0,"4":0,"5":0,"6":0,"7":0,"8":0,"9":0,"10":0,"11":0,"12":0,"13":0,"14":0,"15":0,"16":0,"17":0,"18":0,"19":0,"20":0,"21":0,"22":0,"23":1},"f":{"0":0,"1":0,"2":0,"3":0,"4":0,"5":0},"b":{}}
}
