TN:
SF:userApp/components/UseCreatePlot.tsx
FN:4,default_1
FN:6,(anonymous_1)
FN:11,(anonymous_2)
FNF:3
FNH:0
FNDA:0,default_1
FNDA:0,(anonymous_1)
FNDA:0,(anonymous_2)
DA:1,1
DA:4,1
DA:5,0
DA:6,0
DA:7,0
DA:8,0
DA:11,0
DA:12,0
LF:8
LH:2
BRDA:7,0,0,0
BRF:1
BRH:0
end_of_record
TN:
SF:userApp/components/BarPlot/BarPlot.tsx
FN:6,createBarPlot
FN:13,(anonymous_9)
FN:16,(anonymous_10)
FN:47,default_1
FN:51,(anonymous_12)
FN:51,(anonymous_13)
FNF:6
FNH:0
FNDA:0,createBarPlot
FNDA:0,(anonymous_9)
FNDA:0,(anonymous_10)
FNDA:0,default_1
FNDA:0,(anonymous_12)
FNDA:0,(anonymous_13)
DA:1,1
DA:2,1
DA:7,0
DA:8,0
DA:9,0
DA:11,0
DA:14,0
DA:17,0
DA:18,0
DA:21,0
DA:29,0
DA:32,0
DA:34,0
DA:43,0
DA:44,0
DA:47,1
DA:48,0
DA:49,0
DA:51,0
DA:52,0
DA:53,0
DA:54,0
DA:57,0
LF:23
LH:3
BRF:0
BRH:0
end_of_record
